<?xml version="1.0" encoding="UTF-8"?>
<testng-results skipped="0" failed="0" total="1" passed="1">
  <reporter-output>
  </reporter-output>
  <suite name="Default suite" duration-ms="2538" started-at="2020-03-11T19:19:56Z" finished-at="2020-03-11T19:19:59Z">
    <groups>
    </groups>
    <test name="Default test" duration-ms="2538" started-at="2020-03-11T19:19:56Z" finished-at="2020-03-11T19:19:59Z">
      <class name="api_test.test.GetExample">
        <test-method status="PASS" signature="listUsersGistsTest()[pri:0, instance:api_test.test.GetExample@62656be4]" name="listUsersGistsTest" duration-ms="2528" started-at="2020-03-11T14:19:56Z" description="List a user&#039;s gists" finished-at="2020-03-11T14:19:59Z">
          <reporter-output>
          </reporter-output>
        </test-method> <!-- listUsersGistsTest -->
      </class> <!-- api_test.test.GetExample -->
    </test> <!-- Default test -->
  </suite> <!-- Default suite -->
</testng-results>
